-------------------------------------------------------------------------------
Test set: com.teste.ProdutoTest
-------------------------------------------------------------------------------
Tests run: 9, Failures: 3, Errors: 0, Skipped: 0, Time elapsed: 0.165 s <<< FAILURE! -- in com.teste.ProdutoTest
com.teste.ProdutoTest.testCriarProdutoComPrecoNegativo -- Time elapsed: 0.066 s <<< FAILURE!
org.opentest4j.AssertionFailedError: Deveria ter lançado uma exceção
	at org.junit.jupiter.api.AssertionUtils.fail(AssertionUtils.java:38)
	at org.junit.jupiter.api.Assertions.fail(Assertions.java:138)
	at com.teste.ProdutoTest.testCriarProdutoComPrecoNegativo(ProdutoTest.java:22)
	at java.base/java.lang.reflect.Method.invoke(Method.java:580)
	at java.base/java.util.ArrayList.forEach(ArrayList.java:1596)
	at java.base/java.util.ArrayList.forEach(ArrayList.java:1596)

com.teste.ProdutoTest.testCriarProdutoComEstoqueNegativo -- Time elapsed: 0.002 s <<< FAILURE!
org.opentest4j.AssertionFailedError: Deveria ter lançado uma exceção
	at org.junit.jupiter.api.AssertionUtils.fail(AssertionUtils.java:38)
	at org.junit.jupiter.api.Assertions.fail(Assertions.java:138)
	at com.teste.ProdutoTest.testCriarProdutoComEstoqueNegativo(ProdutoTest.java:32)
	at java.base/java.lang.reflect.Method.invoke(Method.java:580)
	at java.base/java.util.ArrayList.forEach(ArrayList.java:1596)
	at java.base/java.util.ArrayList.forEach(ArrayList.java:1596)

com.teste.ProdutoTest.testAlterarPrecoInvalido -- Time elapsed: 0.003 s <<< FAILURE!
org.opentest4j.AssertionFailedError: Deveria ter lançado uma exceção
	at org.junit.jupiter.api.AssertionUtils.fail(AssertionUtils.java:38)
	at org.junit.jupiter.api.Assertions.fail(Assertions.java:138)
	at com.teste.ProdutoTest.testAlterarPrecoInvalido(ProdutoTest.java:71)
	at java.base/java.lang.reflect.Method.invoke(Method.java:580)
	at java.base/java.util.ArrayList.forEach(ArrayList.java:1596)
	at java.base/java.util.ArrayList.forEach(ArrayList.java:1596)

