<?xml version="1.0" encoding="UTF-8"?>
<testsuite xmlns:xsi="http://www.w3.org/2001/XMLSchema-instance" xsi:noNamespaceSchemaLocation="https://maven.apache.org/surefire/maven-surefire-plugin/xsd/surefire-test-report-3.0.xsd" version="3.0" name="com.teste.VendaTest" time="0.042" tests="13" errors="0" skipped="0" failures="0">
  <properties>
[...]
</properties>
  <testcase name="testVendaComVariosProdutos" classname="com.teste.VendaTest" time="0.0"/>
  <testcase name="testCriarVendaComQuantidadeNegativa" classname="com.teste.VendaTest" time="0.002"/>
  <testcase name="testTotalVenda" classname="com.teste.VendaTest" time="0.002"/>
  <testcase name="testTentativaDeVendaComEstoqueInsuficienteAlterarEstoque" classname="com.teste.VendaTest" time="0.007"/>
  <testcase name="testRealizarVendaComProdutoNulo" classname="com.teste.VendaTest" time="0.001"/>
  <testcase name="testRealizarVendaComQuantidadeIgualEstoque" classname="com.teste.VendaTest" time="0.002"/>
  <testcase name="testAlterarPrecoDeProdutoAntesDeVenda" classname="com.teste.VendaTest" time="0.002"/>
  <testcase name="testDiminuirEstoqueAposVenda" classname="com.teste.VendaTest" time="0.0"/>
  <testcase name="testVendaComEstoqueInicialZero" classname="com.teste.VendaTest" time="0.004"/>
  <testcase name="testVendaComAumentoDeEstoque" classname="com.teste.VendaTest" time="0.003"/>
  <testcase name="testRealizarVendaComQuantidadeMaiorQueEstoque" classname="com.teste.VendaTest" time="0.002"/>
  <testcase name="testAumentarEstoqueAposVenda" classname="com.teste.VendaTest" time="0.0"/>
  <testcase name="testRealizarVenda" classname="com.teste.VendaTest" time="0.0"/>
</testsuite>