<?xml version="1.0" encoding="UTF-8"?>
<testsuite xmlns:xsi="http://www.w3.org/2001/XMLSchema-instance" xsi:noNamespaceSchemaLocation="https://maven.apache.org/surefire/maven-surefire-plugin/xsd/surefire-test-report-3.0.xsd" version="3.0" name="com.teste.ProdutoTest" time="0.165" tests="9" errors="0" skipped="0" failures="3">
  <properties>
[...]
</properties>
  <testcase name="testCriarProdutoComPrecoNegativo" classname="com.teste.ProdutoTest" time="0.066">
    <failure message="Deveria ter lançado uma exceção" type="org.opentest4j.AssertionFailedError"><![CDATA[org.opentest4j.AssertionFailedError: Deveria ter lançado uma exceção
	at org.junit.jupiter.api.AssertionUtils.fail(AssertionUtils.java:38)
	at org.junit.jupiter.api.Assertions.fail(Assertions.java:138)
	at com.teste.ProdutoTest.testCriarProdutoComPrecoNegativo(ProdutoTest.java:22)
	at java.base/java.lang.reflect.Method.invoke(Method.java:580)
	at java.base/java.util.ArrayList.forEach(ArrayList.java:1596)
	at java.base/java.util.ArrayList.forEach(ArrayList.java:1596)
]]></failure>
  </testcase>
  <testcase name="testAlterarPrecoValido" classname="com.teste.ProdutoTest" time="0.004"/>
  <testcase name="testAlterarEstoqueValido" classname="com.teste.ProdutoTest" time="0.002"/>
  <testcase name="testCriarProdutoComEstoqueNegativo" classname="com.teste.ProdutoTest" time="0.002">
    <failure message="Deveria ter lançado uma exceção" type="org.opentest4j.AssertionFailedError"><![CDATA[org.opentest4j.AssertionFailedError: Deveria ter lançado uma exceção
	at org.junit.jupiter.api.AssertionUtils.fail(AssertionUtils.java:38)
	at org.junit.jupiter.api.Assertions.fail(Assertions.java:138)
	at com.teste.ProdutoTest.testCriarProdutoComEstoqueNegativo(ProdutoTest.java:32)
	at java.base/java.lang.reflect.Method.invoke(Method.java:580)
	at java.base/java.util.ArrayList.forEach(ArrayList.java:1596)
	at java.base/java.util.ArrayList.forEach(ArrayList.java:1596)
]]></failure>
  </testcase>
  <testcase name="testAlterarPrecoInvalido" classname="com.teste.ProdutoTest" time="0.003">
    <failure message="Deveria ter lançado uma exceção" type="org.opentest4j.AssertionFailedError"><![CDATA[org.opentest4j.AssertionFailedError: Deveria ter lançado uma exceção
	at org.junit.jupiter.api.AssertionUtils.fail(AssertionUtils.java:38)
	at org.junit.jupiter.api.Assertions.fail(Assertions.java:138)
	at com.teste.ProdutoTest.testAlterarPrecoInvalido(ProdutoTest.java:71)
	at java.base/java.lang.reflect.Method.invoke(Method.java:580)
	at java.base/java.util.ArrayList.forEach(ArrayList.java:1596)
	at java.base/java.util.ArrayList.forEach(ArrayList.java:1596)
]]></failure>
  </testcase>
  <testcase name="testAlterarNomeValido" classname="com.teste.ProdutoTest" time="0.002"/>
  <testcase name="testAumentarEstoque" classname="com.teste.ProdutoTest" time="0.001"/>
  <testcase name="testCriarProdutoValido" classname="com.teste.ProdutoTest" time="0.003"/>
  <testcase name="testDiminuirEstoque" classname="com.teste.ProdutoTest" time="0.002"/>
</testsuite>